<?xml version="1.0" encoding="UTF-8"?>
<!-- Generated by org.testng.reporters.JUnitXMLReporter -->
<testsuite hostname="LAPTOP-M9EH0SAM" name="Test" tests="1" failures="0" timestamp="30 Mar 2017 01:17:22 GMT" time="0.088" errors="0">
  <testcase name="@BeforeTest setUp" time="0.0" classname="vtiger.DemoMaven">
    <failure type="java.lang.IllegalStateException" message="The driver executable does not exist: G:\Java\workspace\DemoMaven\IEDriverServer.exe">
      <![CDATA[java.lang.IllegalStateException: The driver executable does not exist: G:\Java\workspace\DemoMaven\IEDriverServer.exe
	at com.google.common.base.Preconditions.checkState(Preconditions.java:518)
	at org.openqa.selenium.remote.service.DriverService.checkExecutable(DriverService.java:123)
	at org.openqa.selenium.remote.service.DriverService.findExecutable(DriverService.java:118)
	at org.openqa.selenium.ie.InternetExplorerDriverService.access$000(InternetExplorerDriverService.java:32)
	at org.openqa.selenium.ie.InternetExplorerDriverService$Builder.findDefaultExecutable(InternetExplorerDriverService.java:167)
	at org.openqa.selenium.remote.service.DriverService$Builder.build(DriverService.java:302)
	at org.openqa.selenium.ie.InternetExplorerDriver.setupService(InternetExplorerDriver.java:248)
	at org.openqa.selenium.ie.InternetExplorerDriver.<init>(InternetExplorerDriver.java:170)
	at org.openqa.selenium.ie.InternetExplorerDriver.<init>(InternetExplorerDriver.java:148)
	at vtiger.DemoMaven.setUp(DemoMaven.java:25)
... Removed 25 stack frames]]>
    </failure>
  </testcase> <!-- @BeforeTest setUp -->
  <testcase name="@AfterTest tearDown" time="0.0" classname="vtiger.DemoMaven">
    <skipped/>
  </testcase> <!-- @AfterTest tearDown -->
  <testcase name="vtiger" time="0.0" classname="vtiger.DemoMaven">
    <skipped/>
  </testcase> <!-- vtiger -->
</testsuite> <!-- Test -->
