<?xml version="1.0" encoding="UTF-8"?>
<testsuite name="TestSuite" time="0.33" tests="3" errors="0" skipped="2" failures="1">
  <properties>
[...]
</properties>
  <testcase name="setUp" classname="vtiger.DemoMaven" time="0.33">
    <failure message="The driver executable does not exist: G:\Java\workspace\DemoMaven\IEDriverServer.exe" type="java.lang.IllegalStateException"><![CDATA[java.lang.IllegalStateException: The driver executable does not exist: G:\Java\workspace\DemoMaven\IEDriverServer.exe
	at com.google.common.base.Preconditions.checkState(Preconditions.java:518)
	at org.openqa.selenium.remote.service.DriverService.checkExecutable(DriverService.java:123)
	at org.openqa.selenium.remote.service.DriverService.findExecutable(DriverService.java:118)
	at org.openqa.selenium.ie.InternetExplorerDriverService.access$000(InternetExplorerDriverService.java:32)
	at org.openqa.selenium.ie.InternetExplorerDriverService$Builder.findDefaultExecutable(InternetExplorerDriverService.java:167)
	at org.openqa.selenium.remote.service.DriverService$Builder.build(DriverService.java:302)
	at org.openqa.selenium.ie.InternetExplorerDriver.setupService(InternetExplorerDriver.java:248)
	at org.openqa.selenium.ie.InternetExplorerDriver.<init>(InternetExplorerDriver.java:170)
	at org.openqa.selenium.ie.InternetExplorerDriver.<init>(InternetExplorerDriver.java:148)
	at vtiger.DemoMaven.setUp(DemoMaven.java:25)
]]></failure>
  </testcase>
  <testcase name="vtiger" classname="vtiger.DemoMaven" time="0">
    <skipped/>
  </testcase>
  <testcase name="tearDown" classname="vtiger.DemoMaven" time="0">
    <skipped/>
  </testcase>
</testsuite>