<?xml version="1.0" encoding="UTF-8"?>
<testng-results skipped="0" failed="0" total="1" passed="1">
  <reporter-output>
  </reporter-output>
  <suite name="Suite" duration-ms="8459" started-at="2017-03-31T18:36:57Z" finished-at="2017-03-31T18:37:05Z">
    <groups>
    </groups>
    <test name="Test" duration-ms="8459" started-at="2017-03-31T18:36:57Z" finished-at="2017-03-31T18:37:05Z">
      <class name="vtiger.DemoMaven">
        <test-method status="PASS" signature="setUp()[pri:0, instance:vtiger.DemoMaven@5b275dab]" name="setUp" is-config="true" duration-ms="3825" started-at="2017-03-31T14:36:57Z" finished-at="2017-03-31T14:37:01Z">
          <reporter-output>
          </reporter-output>
        </test-method> <!-- setUp -->
        <test-method status="PASS" signature="vtiger()[pri:0, instance:vtiger.DemoMaven@5b275dab]" name="vtiger" duration-ms="3379" started-at="2017-03-31T14:37:01Z" finished-at="2017-03-31T14:37:04Z">
          <reporter-output>
          </reporter-output>
        </test-method> <!-- vtiger -->
        <test-method status="PASS" signature="tearDown()[pri:0, instance:vtiger.DemoMaven@5b275dab]" name="tearDown" is-config="true" duration-ms="1245" started-at="2017-03-31T14:37:04Z" finished-at="2017-03-31T14:37:05Z">
          <reporter-output>
          </reporter-output>
        </test-method> <!-- tearDown -->
      </class> <!-- vtiger.DemoMaven -->
    </test> <!-- Test -->
  </suite> <!-- Suite -->
</testng-results>
